<?xml version="1.0" encoding="UTF-8"?>
<testsuites name="jest tests" tests="2" failures="1" errors="0" time="25.425">
  <testsuite name="Create React Native app:" errors="0" failures="1" skipped="0" timestamp="2023-07-21T06:35:29" time="25.386" tests="2">
    <testcase classname="Create React Native app: Create a React Native app with npx" name="Create React Native app: Create a React Native app with npx" time="24.595">
      <failure>Error: expect(received).toBe(expected) // Object.is equality

Expected: true
Received: false
    at Object.toBe (/Users/mayanksunilpagar/Documents/gluestack/gluestack-ui-cli/packages/create-react-native-app-with-gluestack-ui/__tests__/integration/react-native-app.test.js:32:54)
    at processTicksAndRejections (node:internal/process/task_queues:95:5)</failure>
    </testcase>
    <testcase classname="Create React Native app: Start and check if React Native app is running" name="Create React Native app: Start and check if React Native app is running" time="0.001">
    </testcase>
  </testsuite>
</testsuites>