<?xml version="1.0" encoding="UTF-8"?>
<testsuites name="jest tests" tests="2" failures="0" errors="0" time="179.736">
  <testsuite name="Next.js Command: npx create-next-app-with-gluestack-ui@latest" errors="0" failures="0" skipped="0" timestamp="2023-07-14T08:10:34" time="179.689" tests="2">
    <testcase classname="Next.js Command: npx create-next-app-with-gluestack-ui@latest Create a next repo in the home directory" name="Next.js Command: npx create-next-app-with-gluestack-ui@latest Create a next repo in the home directory" time="148.337">
    </testcase>
    <testcase classname="Next.js Command: npx create-next-app-with-gluestack-ui@latest Start and check if next js project is running" name="Next.js Command: npx create-next-app-with-gluestack-ui@latest Start and check if next js project is running" time="19.742">
    </testcase>
  </testsuite>
</testsuites>