<?xml version="1.0" encoding="UTF-8"?>
<testsuites name="jest tests" tests="4" failures="2" errors="0" time="118.047">
  <testsuite name="Create Next.js app with page router:" errors="0" failures="1" skipped="0" timestamp="2023-07-18T11:33:40" time="116.231" tests="2">
    <testcase classname="Create Next.js app with page router: Create a Next.js app with npx" name="Create Next.js app with page router: Create a Next.js app with npx" time="64.934">
    </testcase>
    <testcase classname="Create Next.js app with page router: Start and check if Next.js app is running" name="Create Next.js app with page router: Start and check if Next.js app is running" time="50.002">
      <failure>Error: thrown: &quot;Exceeded timeout of 50000 ms for a test.
Add a timeout value to this test to increase the timeout, if this is a long-running test. See https://jestjs.io/docs/api#testname-fn-timeout.&quot;
    at it (/Users/suraj/Sites/projects/gluestack/gluestack-ui-cli/packages/create-next-app-with-gluestack-ui/__tests__/integration/next-page-router.test.js:35:3)
    at _dispatchDescribe (/Users/suraj/Sites/projects/gluestack/gluestack-ui-cli/packages/create-next-app-with-gluestack-ui/node_modules/jest-circus/build/index.js:91:26)
    at describe (/Users/suraj/Sites/projects/gluestack/gluestack-ui-cli/packages/create-next-app-with-gluestack-ui/node_modules/jest-circus/build/index.js:55:5)
    at Object.describe (/Users/suraj/Sites/projects/gluestack/gluestack-ui-cli/packages/create-next-app-with-gluestack-ui/__tests__/integration/next-page-router.test.js:21:1)
    at Runtime._execModule (/Users/suraj/Sites/projects/gluestack/gluestack-ui-cli/packages/create-next-app-with-gluestack-ui/node_modules/jest-runtime/build/index.js:1430:24)
    at Runtime._loadModule (/Users/suraj/Sites/projects/gluestack/gluestack-ui-cli/packages/create-next-app-with-gluestack-ui/node_modules/jest-runtime/build/index.js:1013:12)
    at Runtime.requireModule (/Users/suraj/Sites/projects/gluestack/gluestack-ui-cli/packages/create-next-app-with-gluestack-ui/node_modules/jest-runtime/build/index.js:873:12)
    at jestAdapter (/Users/suraj/Sites/projects/gluestack/gluestack-ui-cli/packages/create-next-app-with-gluestack-ui/node_modules/jest-circus/build/legacy-code-todo-rewrite/jestAdapter.js:77:13)
    at processTicksAndRejections (node:internal/process/task_queues:95:5)
    at runTestInternal (/Users/suraj/Sites/projects/gluestack/gluestack-ui-cli/packages/create-next-app-with-gluestack-ui/node_modules/jest-runner/build/runTest.js:367:16)
    at runTest (/Users/suraj/Sites/projects/gluestack/gluestack-ui-cli/packages/create-next-app-with-gluestack-ui/node_modules/jest-runner/build/runTest.js:444:34)
    at Object.worker (/Users/suraj/Sites/projects/gluestack/gluestack-ui-cli/packages/create-next-app-with-gluestack-ui/node_modules/jest-runner/build/testWorker.js:106:12)</failure>
    </testcase>
  </testsuite>
  <testsuite name="Create Next.js app with app router:" errors="0" failures="1" skipped="0" timestamp="2023-07-18T11:33:40" time="117.261" tests="2">
    <testcase classname="Create Next.js app with app router: Create a Next.js app with npx" name="Create Next.js app with app router: Create a Next.js app with npx" time="65.79">
    </testcase>
    <testcase classname="Create Next.js app with app router: Start and check if Next.js app is running" name="Create Next.js app with app router: Start and check if Next.js app is running" time="50.003">
      <failure>Error: thrown: &quot;Exceeded timeout of 50000 ms for a test.
Add a timeout value to this test to increase the timeout, if this is a long-running test. See https://jestjs.io/docs/api#testname-fn-timeout.&quot;
    at it (/Users/suraj/Sites/projects/gluestack/gluestack-ui-cli/packages/create-next-app-with-gluestack-ui/__tests__/integration/next-app-router.test.js:35:3)
    at _dispatchDescribe (/Users/suraj/Sites/projects/gluestack/gluestack-ui-cli/packages/create-next-app-with-gluestack-ui/node_modules/jest-circus/build/index.js:91:26)
    at describe (/Users/suraj/Sites/projects/gluestack/gluestack-ui-cli/packages/create-next-app-with-gluestack-ui/node_modules/jest-circus/build/index.js:55:5)
    at Object.describe (/Users/suraj/Sites/projects/gluestack/gluestack-ui-cli/packages/create-next-app-with-gluestack-ui/__tests__/integration/next-app-router.test.js:22:1)
    at Runtime._execModule (/Users/suraj/Sites/projects/gluestack/gluestack-ui-cli/packages/create-next-app-with-gluestack-ui/node_modules/jest-runtime/build/index.js:1430:24)
    at Runtime._loadModule (/Users/suraj/Sites/projects/gluestack/gluestack-ui-cli/packages/create-next-app-with-gluestack-ui/node_modules/jest-runtime/build/index.js:1013:12)
    at Runtime.requireModule (/Users/suraj/Sites/projects/gluestack/gluestack-ui-cli/packages/create-next-app-with-gluestack-ui/node_modules/jest-runtime/build/index.js:873:12)
    at jestAdapter (/Users/suraj/Sites/projects/gluestack/gluestack-ui-cli/packages/create-next-app-with-gluestack-ui/node_modules/jest-circus/build/legacy-code-todo-rewrite/jestAdapter.js:77:13)
    at processTicksAndRejections (node:internal/process/task_queues:95:5)
    at runTestInternal (/Users/suraj/Sites/projects/gluestack/gluestack-ui-cli/packages/create-next-app-with-gluestack-ui/node_modules/jest-runner/build/runTest.js:367:16)
    at runTest (/Users/suraj/Sites/projects/gluestack/gluestack-ui-cli/packages/create-next-app-with-gluestack-ui/node_modules/jest-runner/build/runTest.js:444:34)
    at Object.worker (/Users/suraj/Sites/projects/gluestack/gluestack-ui-cli/packages/create-next-app-with-gluestack-ui/node_modules/jest-runner/build/testWorker.js:106:12)</failure>
    </testcase>
  </testsuite>
</testsuites>