<?xml version="1.0" encoding="UTF-8"?>
<testsuites name="jest tests" tests="4" failures="0" errors="0" time="201.369">
  <testsuite name="Create Next.js app with page router:" errors="0" failures="0" skipped="0" timestamp="2023-07-20T07:07:17" time="189.163" tests="2">
    <testcase classname="Create Next.js app with page router: Create a Next.js app with npx" name="Create Next.js app with page router: Create a Next.js app with npx" time="151.28">
    </testcase>
    <testcase classname="Create Next.js app with page router: Start and check if Next.js app is running" name="Create Next.js app with page router: Start and check if Next.js app is running" time="24.493">
    </testcase>
  </testsuite>
  <testsuite name="Create Next.js app with app router:" errors="0" failures="0" skipped="0" timestamp="2023-07-20T07:07:17" time="200.643" tests="2">
    <testcase classname="Create Next.js app with app router: Create a Next.js app with npx" name="Create Next.js app with app router: Create a Next.js app with npx" time="154.666">
    </testcase>
    <testcase classname="Create Next.js app with app router: Start and check if Next.js app is running" name="Create Next.js app with app router: Start and check if Next.js app is running" time="34.509">
    </testcase>
  </testsuite>
</testsuites>